Arguments: 
  C:\Program Files\nodejs\node.exe C:\Program Files (x86)\Yarn\bin\yarn.js add mongoose-paginate-v2

PATH: 
  C:\Program Files (x86)\VMware\VMware Workstation\bin\;C:\Windows\system32;C:\Windows;C:\Windows\System32\Wbem;C:\Windows\System32\WindowsPowerShell\v1.0\;C:\Windows\System32\OpenSSH\;D:\xampp\php;C:\Program Files\Bandizip\;C:\Program Files\MongoDB\Server\7.0\bin;C:\Program Files\Git\cmd;C:\composer;C:\Program Files (x86)\Yarn\bin\;C:\Program Files\nodejs\;C:\Users\hhh\AppData\Local\Microsoft\WindowsApps;C:\Users\hhh\AppData\Local\Programs\Microsoft VS Code\bin;C:\Program Files\JetBrains\PhpStorm 2023.3.6\bin;;C:\Users\hhh\AppData\Roaming\Composer\vendor\bin;C:\Users\hhh\AppData\Local\Yarn\bin;C:\Users\hhh\AppData\Roaming\npm

Yarn version: 
  1.22.4

Node version: 
  20.12.0

Platform: 
  win32 x64

Trace: 
  AggregateError [ENOBUFS]: 
      at internalConnectMultiple (node:net:1116:18)
      at internalConnectMultiple (node:net:1184:5)
      at internalConnectMultiple (node:net:1184:5)
      at internalConnectMultiple (node:net:1184:5)
      at internalConnectMultiple (node:net:1184:5)
      at internalConnectMultiple (node:net:1184:5)
      at internalConnectMultiple (node:net:1184:5)
      at internalConnectMultiple (node:net:1184:5)
      at internalConnectMultiple (node:net:1184:5)
      at internalConnectMultiple (node:net:1184:5)

npm manifest: 
  {
    "name": "jest",
    "version": "1.0.0",
    "description": "",
    "main": "index.js",
    "scripts": {
      "test": "jest",
      "mongo": "mongod --dbpath=./db",
      "start": "nodemon ./src/index.ts",
      "dev": "concurrently \"npm run mongo\" \"npm start\""
    },
    "keywords": [],
    "author": "",
    "license": "ISC",
    "dependencies": {
      "body-parser": "^1.20.2",
      "cors": "^2.8.5",
      "dotenv": "^16.4.5",
      "express": "^4.19.2",
      "joi": "^17.12.3",
      "mongoose": "^8.3.0",
      "typescript": "^5.4.3"
    },
    "devDependencies": {
      "@types/cors": "^2.8.17",
      "@types/express": "^4.17.21",
      "@types/jest": "^29.5.12",
      "@types/mongoose": "^5.11.97",
      "concurrently": "^8.2.2",
      "jest": "^29.7.0",
      "nodemon": "^3.1.0",
      "ts-jest": "^29.1.2"
    }
  }

yarn manifest: 
  No manifest

Lockfile: 
  No lockfile
